<?xml version="1.0" encoding="UTF-8"?>
<!-- Generated by org.testng.reporters.JUnitXMLReporter -->
<testsuite ignored="0" hostname="CDWILT004" failures="0" tests="5" name="CQ9" time="61.464" errors="0" timestamp="2022-09-14T11:03:37 SGT">
  <testcase classname="fishGame.FishCQ9" name="goToSite" time="1.281"/>
  <testcase classname="fishGame.FishCQ9" name="announcement" time="1.288"/>
  <testcase classname="fishGame.FishCQ9" name="login" time="3.009"/>
  <testcase classname="fishGame.FishCQ9" name="selectFishVendor" time="2.048"/>
  <testcase classname="fishGame.FishCQ9" name="selectFishGame" time="50.411"/>
</testsuite> <!-- CQ9 -->
