<?xml version="1.0" encoding="UTF-8"?>
<!-- Generated by org.testng.reporters.JUnitXMLReporter -->
<testsuite ignored="0" hostname="DESKTOP-7UGQK8A" failures="0" tests="5" name="CQ9" time="34.364" errors="0" timestamp="2022-09-12T23:02:30 SGT">
  <testcase classname="slotsGame.SlotsCQ9" name="goToSite" time="1.104"/>
  <testcase classname="slotsGame.SlotsCQ9" name="announcement" time="0.027"/>
  <testcase classname="slotsGame.SlotsCQ9" name="login" time="2.568"/>
  <testcase classname="slotsGame.SlotsCQ9" name="selectSlotsVendor" time="2.253"/>
  <testcase classname="slotsGame.SlotsCQ9" name="selectSlotsGame" time="25.981"/>
</testsuite> <!-- CQ9 -->
