<?xml version="1.0" encoding="UTF-8"?>
<!-- Generated by org.testng.reporters.JUnitXMLReporter -->
<testsuite ignored="0" hostname="CDWILT004" failures="0" tests="4" name="OpenPokerGame" time="42.414" errors="0" timestamp="2022-09-12T17:42:30 SGT">
  <testcase classname="openPokerGame.OpenPokerGame1" name="goToSite" time="3.394"/>
  <testcase classname="openPokerGame.OpenPokerGame1" name="announcement" time="0.051"/>
  <testcase classname="openPokerGame.OpenPokerGame1" name="login" time="3.492"/>
  <testcase classname="openPokerGame.OpenPokerGame1" name="selectSlotsVendor" time="32.217"/>
</testsuite> <!-- OpenPokerGame -->
