<?xml version="1.0" encoding="UTF-8"?>
<!-- Generated by org.testng.reporters.JUnitXMLReporter -->
<testsuite ignored="0" hostname="CDWILT004" failures="0" tests="4" name="BBIN" time="27.464" errors="0" timestamp="2022-09-14T12:26:49 SGT">
  <testcase classname="liveGame.LiveBBIN" name="goToSite" time="1.806"/>
  <testcase classname="liveGame.LiveBBIN" name="announcement" time="1.454"/>
  <testcase classname="liveGame.LiveBBIN" name="login" time="4.149"/>
  <testcase classname="liveGame.LiveBBIN" name="selectFishVendor" time="16.111"/>
</testsuite> <!-- BBIN -->
