<?xml version="1.0" encoding="UTF-8"?>
<!-- Generated by org.testng.reporters.JUnitXMLReporter -->
<testsuite ignored="0" hostname="CDWILT004" failures="0" tests="4" name="IBC" time="20.072" errors="0" timestamp="2022-09-14T14:53:26 SGT">
  <testcase classname="sportsGame.SportsIBC" name="goToSite" time="1.931"/>
  <testcase classname="sportsGame.SportsIBC" name="announcement" time="1.402"/>
  <testcase classname="sportsGame.SportsIBC" name="login" time="4.525"/>
  <testcase classname="sportsGame.SportsIBC" name="selectSportsVendor" time="8.226"/>
</testsuite> <!-- IBC -->
