<?xml version="1.0" encoding="UTF-8"?>
<!-- Generated by org.testng.reporters.JUnitXMLReporter -->
<testsuite ignored="1" hostname="CDWILT004" failures="0" tests="4" name="OpenGame" time="18.193" errors="0" timestamp="2022-09-12T14:08:16 SGT">
  <testcase classname="openGame.OpenSlotsGameBBIN" name="goToSite" time="0.981"/>
  <testcase classname="openGame.OpenSlotsGameBBIN" name="announcement" time="0.044"/>
  <testcase classname="openGame.OpenSlotsGameBBIN" name="selectSlotsVendor" time="1.202"/>
  <testcase classname="openGame.OpenSlotsGameBBIN" name="selectSlotsGame" time="12.028"/>
  <testcase classname="openGame.OpenSlotsGameBBIN" name="login" time="0.0">
    <ignored/>
  </testcase> <!-- login -->
</testsuite> <!-- OpenGame -->
