<?xml version="1.0" encoding="UTF-8"?>
<!-- Generated by org.testng.reporters.JUnitXMLReporter -->
<testsuite ignored="1" hostname="CDWILT004" failures="0" tests="4" name="OpenGameJDB" time="13.004" errors="0" timestamp="2022-09-12T15:19:13 SGT">
  <testcase classname="openSlotsGame.OpenSlotsGameJDB" name="goToSite" time="0.962"/>
  <testcase classname="openSlotsGame.OpenSlotsGameJDB" name="announcement" time="0.031"/>
  <testcase classname="openSlotsGame.OpenSlotsGameJDB" name="selectSlotsVendor" time="1.173"/>
  <testcase classname="openSlotsGame.OpenSlotsGameJDB" name="selectSlotsGame" time="7.668"/>
  <testcase classname="openSlotsGame.OpenSlotsGameJDB" name="login" time="0.0">
    <ignored/>
  </testcase> <!-- login -->
</testsuite> <!-- OpenGameJDB -->
