<?xml version="1.0" encoding="UTF-8"?>
<!-- Generated by org.testng.reporters.JUnitXMLReporter -->
<testsuite ignored="1" hostname="CDWILT004" failures="0" tests="4" name="OpenGameMG" time="12.278" errors="0" timestamp="2022-09-12T15:19:25 SGT">
  <testcase classname="openSlotsGame.OpenSlotsGameMG" name="goToSite" time="0.89"/>
  <testcase classname="openSlotsGame.OpenSlotsGameMG" name="announcement" time="0.031"/>
  <testcase classname="openSlotsGame.OpenSlotsGameMG" name="selectSlotsVendor" time="0.976"/>
  <testcase classname="openSlotsGame.OpenSlotsGameMG" name="selectSlotsGame" time="7.389"/>
  <testcase classname="openSlotsGame.OpenSlotsGameMG" name="login" time="0.0">
    <ignored/>
  </testcase> <!-- login -->
</testsuite> <!-- OpenGameMG -->
