<?xml version="1.0" encoding="UTF-8"?>
<!-- Generated by org.testng.reporters.JUnitXMLReporter -->
<testsuite ignored="0" hostname="CDWILT004" failures="0" tests="4" name="OpenSportsGame" time="18.599" errors="0" timestamp="2022-09-12T17:19:15 SGT">
  <testcase classname="openSportsGame.OpenSportsGame2" name="goToSite" time="4.738"/>
  <testcase classname="openSportsGame.OpenSportsGame2" name="announcement" time="0.03"/>
  <testcase classname="openSportsGame.OpenSportsGame2" name="login" time="6.498"/>
  <testcase classname="openSportsGame.OpenSportsGame2" name="selectSportsVendor" time="5.518"/>
</testsuite> <!-- OpenSportsGame -->
