<?xml version="1.0" encoding="UTF-8"?>
<!-- Generated by org.testng.reporters.JUnitXMLReporter -->
<testsuite ignored="1" hostname="CDWILT004" failures="0" tests="3" name="OpenGameIM" time="3.187" errors="0" timestamp="2022-09-12T16:02:15 SGT">
  <testcase classname="openESportsGame.OpenESportsGameIM" name="goToSite" time="0.953"/>
  <testcase classname="openESportsGame.OpenESportsGameIM" name="announcement" time="0.037"/>
  <testcase classname="openESportsGame.OpenESportsGameIM" name="selectSlotsVendor" time="0.481"/>
  <testcase classname="openESportsGame.OpenESportsGameIM" name="login" time="0.0">
    <ignored/>
  </testcase> <!-- login -->
</testsuite> <!-- OpenGameIM -->
