<?xml version="1.0" encoding="UTF-8"?>
<!-- Generated by org.testng.reporters.JUnitXMLReporter -->
<testsuite ignored="0" hostname="DESKTOP-7UGQK8A" failures="0" tests="5" name="PP" time="30.102" errors="0" timestamp="2022-09-12T23:12:57 SGT">
  <testcase classname="slotsGame.SlotsPP" name="goToSite" time="1.14"/>
  <testcase classname="slotsGame.SlotsPP" name="announcement" time="0.026"/>
  <testcase classname="slotsGame.SlotsPP" name="login" time="1.925"/>
  <testcase classname="slotsGame.SlotsPP" name="selectSlotsVendor" time="1.959"/>
  <testcase classname="slotsGame.SlotsPP" name="selectSlotsGame" time="22.616"/>
</testsuite> <!-- PP -->
