<?xml version="1.0" encoding="UTF-8"?>
<!-- Generated by org.testng.reporters.JUnitXMLReporter -->
<testsuite ignored="0" hostname="DESKTOP-7UGQK8A" failures="0" tests="5" name="PP" time="23.55" errors="0" timestamp="2022-09-12T23:24:04 SGT">
  <testcase classname="slotsGame.SlotsPP" name="goToSite" time="1.217"/>
  <testcase classname="slotsGame.SlotsPP" name="announcement" time="0.028"/>
  <testcase classname="slotsGame.SlotsPP" name="login" time="1.945"/>
  <testcase classname="slotsGame.SlotsPP" name="selectSlotsVendor" time="1.988"/>
  <testcase classname="slotsGame.SlotsPP" name="selectSlotsGame" time="15.956"/>
</testsuite> <!-- PP -->
