<?xml version="1.0" encoding="UTF-8"?>
<!-- Generated by org.testng.reporters.JUnitXMLReporter -->
<testsuite ignored="0" hostname="DESKTOP-7UGQK8A" failures="1" tests="5" name="slotsGame" time="35.368" errors="0" timestamp="2022-09-12T22:57:39 SGT">
  <testcase classname="slotsGame.SlotsCQ9" name="goToSite" time="1.139"/>
  <testcase classname="slotsGame.SlotsCQ9" name="announcement" time="0.019"/>
  <testcase classname="slotsGame.SlotsCQ9" name="login" time="2.907"/>
  <testcase classname="slotsGame.SlotsCQ9" name="selectSlotsVendor" time="2.224"/>
  <testcase classname="slotsGame.SlotsCQ9" name="selectSlotsGame" time="26.753">
    <failure type="java.lang.IndexOutOfBoundsException" message="Index 5 out of bounds for length 5">
      <![CDATA[java.lang.IndexOutOfBoundsException: Index 5 out of bounds for length 5
at java.base/jdk.internal.util.Preconditions.outOfBounds(Preconditions.java:64)
at java.base/jdk.internal.util.Preconditions.outOfBoundsCheckIndex(Preconditions.java:70)
at java.base/jdk.internal.util.Preconditions.checkIndex(Preconditions.java:266)
at java.base/java.util.Objects.checkIndex(Objects.java:359)
at java.base/java.util.ArrayList.get(ArrayList.java:427)
at functionsFE.SelectGameCategoryVendorAndGame.selectGameFromSlotsList(SelectGameCategoryVendorAndGame.java:97)
at slotsGame.SlotsCQ9.selectSlotsGame(SlotsCQ9.java:79)
at java.base/java.util.ArrayList.forEach(ArrayList.java:1511)
... Removed 28 stack frames]]>
    </failure>
  </testcase> <!-- selectSlotsGame -->
</testsuite> <!-- slotsGame -->
