<?xml version="1.0" encoding="UTF-8"?>
<!-- Generated by org.testng.reporters.JUnitXMLReporter -->
<testsuite ignored="0" hostname="DESKTOP-7UGQK8A" failures="1" tests="5" name="slotsGame" time="37.776" errors="0" timestamp="2022-09-12T22:57:03 SGT">
  <testcase classname="slotsGame.SlotsBBIN" name="goToSite" time="1.707"/>
  <testcase classname="slotsGame.SlotsBBIN" name="announcement" time="0.028"/>
  <testcase classname="slotsGame.SlotsBBIN" name="login" time="2.172"/>
  <testcase classname="slotsGame.SlotsBBIN" name="selectSlotsVendor" time="2.18"/>
  <testcase classname="slotsGame.SlotsBBIN" name="selectSlotsGame" time="28.677">
    <failure type="java.lang.IndexOutOfBoundsException" message="Index 5 out of bounds for length 5">
      <![CDATA[java.lang.IndexOutOfBoundsException: Index 5 out of bounds for length 5
at java.base/jdk.internal.util.Preconditions.outOfBounds(Preconditions.java:64)
at java.base/jdk.internal.util.Preconditions.outOfBoundsCheckIndex(Preconditions.java:70)
at java.base/jdk.internal.util.Preconditions.checkIndex(Preconditions.java:266)
at java.base/java.util.Objects.checkIndex(Objects.java:359)
at java.base/java.util.ArrayList.get(ArrayList.java:427)
at functionsFE.SelectGameCategoryVendorAndGame.selectGameFromSlotsList(SelectGameCategoryVendorAndGame.java:97)
at slotsGame.SlotsBBIN.selectSlotsGame(SlotsBBIN.java:79)
at java.base/java.util.ArrayList.forEach(ArrayList.java:1511)
... Removed 28 stack frames]]>
    </failure>
  </testcase> <!-- selectSlotsGame -->
</testsuite> <!-- slotsGame -->
