<?xml version="1.0" encoding="UTF-8"?>
<!-- Generated by org.testng.reporters.JUnitXMLReporter -->
<testsuite ignored="0" hostname="CDWILT004" failures="0" tests="4" name="KY" time="25.165" errors="0" timestamp="2022-09-14T14:58:16 SGT">
  <testcase classname="pokerGame.PokerKY" name="goToSite" time="5.195"/>
  <testcase classname="pokerGame.PokerKY" name="announcement" time="1.404"/>
  <testcase classname="pokerGame.PokerKY" name="login" time="4.344"/>
  <testcase classname="pokerGame.PokerKY" name="selectPokerVendor" time="10.017"/>
</testsuite> <!-- KY -->
