<?xml version="1.0" encoding="UTF-8"?>
<!-- Generated by org.testng.reporters.JUnitXMLReporter -->
<testsuite ignored="0" hostname="DESKTOP-7UGQK8A" failures="0" tests="5" name="KY" time="16.634" errors="0" timestamp="2022-09-12T23:46:26 SGT">
  <testcase classname="fishGame.FishKY" name="goToSite" time="1.015"/>
  <testcase classname="fishGame.FishKY" name="announcement" time="0.019"/>
  <testcase classname="fishGame.FishKY" name="login" time="2.366"/>
  <testcase classname="fishGame.FishKY" name="selectFishVendor" time="1.859"/>
  <testcase classname="fishGame.FishKY" name="selectFishGame" time="9.56"/>
</testsuite> <!-- KY -->
