<?xml version="1.0" encoding="UTF-8"?>
<!-- Generated by org.testng.reporters.JUnitXMLReporter -->
<testsuite ignored="1" hostname="CDWILT004" failures="0" tests="4" name="OpenGamePP" time="12.665" errors="0" timestamp="2022-09-12T15:19:38 SGT">
  <testcase classname="openSlotsGame.OpenSlotsGamePP" name="goToSite" time="0.844"/>
  <testcase classname="openSlotsGame.OpenSlotsGamePP" name="announcement" time="0.029"/>
  <testcase classname="openSlotsGame.OpenSlotsGamePP" name="selectSlotsVendor" time="0.893"/>
  <testcase classname="openSlotsGame.OpenSlotsGamePP" name="selectSlotsGame" time="7.718"/>
  <testcase classname="openSlotsGame.OpenSlotsGamePP" name="login" time="0.0">
    <ignored/>
  </testcase> <!-- login -->
</testsuite> <!-- OpenGamePP -->
