<?xml version="1.0" encoding="UTF-8"?>
<!-- Generated by org.testng.reporters.JUnitXMLReporter -->
<testsuite ignored="0" hostname="DESKTOP-7UGQK8A" failures="0" tests="5" name="JDB" time="23.082" errors="0" timestamp="2022-09-12T23:05:25 SGT">
  <testcase classname="slotsGame.SlotsJDB" name="goToSite" time="1.324"/>
  <testcase classname="slotsGame.SlotsJDB" name="announcement" time="0.027"/>
  <testcase classname="slotsGame.SlotsJDB" name="login" time="2.094"/>
  <testcase classname="slotsGame.SlotsJDB" name="selectSlotsVendor" time="2.241"/>
  <testcase classname="slotsGame.SlotsJDB" name="selectSlotsGame" time="15.496"/>
</testsuite> <!-- JDB -->
