<?xml version="1.0" encoding="UTF-8"?>
<!-- Generated by org.testng.reporters.JUnitXMLReporter -->
<testsuite ignored="1" hostname="CDWILT004" failures="0" tests="4" name="OpenGameCQ9" time="7.773" errors="0" timestamp="2022-09-12T16:02:23 SGT">
  <testcase classname="openFishGame.OpenFishGameCQ9" name="goToSite" time="1.003"/>
  <testcase classname="openFishGame.OpenFishGameCQ9" name="announcement" time="0.04"/>
  <testcase classname="openFishGame.OpenFishGameCQ9" name="selectFishVendor" time="1.024"/>
  <testcase classname="openFishGame.OpenFishGameCQ9" name="selectFishGame" time="3.961"/>
  <testcase classname="openFishGame.OpenFishGameCQ9" name="login" time="0.0">
    <ignored/>
  </testcase> <!-- login -->
</testsuite> <!-- OpenGameCQ9 -->
