<?xml version="1.0" encoding="UTF-8"?>
<!-- Generated by org.testng.reporters.JUnitXMLReporter -->
<testsuite ignored="0" hostname="CDWILT004" failures="0" tests="4" name="OpenSportsGame" time="40.648" errors="0" timestamp="2022-09-12T17:20:53 SGT">
  <testcase classname="openSportsGame.OpenSportsGame1" name="goToSite" time="5.515"/>
  <testcase classname="openSportsGame.OpenSportsGame1" name="announcement" time="0.043"/>
  <testcase classname="openSportsGame.OpenSportsGame1" name="login" time="3.84"/>
  <testcase classname="openSportsGame.OpenSportsGame1" name="selectSportsVendor" time="28.624"/>
</testsuite> <!-- OpenSportsGame -->
