<?xml version="1.0" encoding="UTF-8"?>
<!-- Generated by org.testng.reporters.JUnitXMLReporter -->
<testsuite ignored="0" hostname="CDWILT004" failures="0" tests="4" name="OpenGameBBIN" time="16.801" errors="0" timestamp="2022-09-12T16:35:26 SGT">
  <testcase classname="openLiveGame.OpenLiveGameBBIN" name="goToSite" time="3.382"/>
  <testcase classname="openLiveGame.OpenLiveGameBBIN" name="announcement" time="0.053"/>
  <testcase classname="openLiveGame.OpenLiveGameBBIN" name="login" time="4.784"/>
  <testcase classname="openLiveGame.OpenLiveGameBBIN" name="selectLiveVendor" time="5.933"/>
</testsuite> <!-- OpenGameBBIN -->
