<?xml version="1.0" encoding="UTF-8"?>
<!-- Generated by org.testng.reporters.JUnitXMLReporter -->
<testsuite ignored="1" hostname="CDWILT004" failures="0" tests="4" name="OpenGameKY" time="7.854" errors="0" timestamp="2022-09-12T16:02:31 SGT">
  <testcase classname="openFishGame.OpenFishGameKY" name="goToSite" time="0.971"/>
  <testcase classname="openFishGame.OpenFishGameKY" name="announcement" time="0.036"/>
  <testcase classname="openFishGame.OpenFishGameKY" name="selectFishVendor" time="1.132"/>
  <testcase classname="openFishGame.OpenFishGameKY" name="selectFishGame" time="3.981"/>
  <testcase classname="openFishGame.OpenFishGameKY" name="login" time="0.0">
    <ignored/>
  </testcase> <!-- login -->
</testsuite> <!-- OpenGameKY -->
