<?xml version="1.0" encoding="UTF-8"?>
<!-- Generated by org.testng.reporters.JUnitXMLReporter -->
<testsuite ignored="26" hostname="DESKTOP-7UGQK8A" failures="0" tests="5" name="OpenGame" time="28.31" errors="0" timestamp="2022-09-09T12:28:29 SGT">
  <testcase classname="openGame.OpenESportsGameTest" name="goToSite" time="3.765"/>
  <testcase classname="openGame.OpenESportsGameTest" name="announcement" time="0.026"/>
  <testcase classname="openGame.OpenESportsGameTest" name="login" time="5.267"/>
  <testcase classname="openGame.OpenESportsGameTest" name="eSportsGame" time="1.712"/>
  <testcase classname="openGame.OpenESportsGameTest" name="switchToGameESportsWindow" time="11.589"/>
  <testcase classname="openGame.OpenLiveCasinoGameTest" name="switchToLiveCasinoWindow" time="0.0">
    <ignored/>
  </testcase> <!-- switchToLiveCasinoWindow -->
  <testcase classname="openGame.OpenSportsGameTest" name="announcement" time="0.0">
    <ignored/>
  </testcase> <!-- announcement -->
  <testcase classname="openGame.OpenSlotsGameTest" name="slotsGame" time="0.0">
    <ignored/>
  </testcase> <!-- slotsGame -->
  <testcase classname="openGame.OpenFishGameTest" name="goToSite" time="0.0">
    <ignored/>
  </testcase> <!-- goToSite -->
  <testcase classname="openGame.OpenFishGameTest" name="switchToFishWindow" time="0.0">
    <ignored/>
  </testcase> <!-- switchToFishWindow -->
  <testcase classname="openGame.OpenSlotsGameTest" name="goToSite" time="0.0">
    <ignored/>
  </testcase> <!-- goToSite -->
  <testcase classname="openGame.OpenSportsGameTest" name="login" time="0.0">
    <ignored/>
  </testcase> <!-- login -->
  <testcase classname="openGame.OpenLiveCasinoGameTest" name="goToSite" time="0.0">
    <ignored/>
  </testcase> <!-- goToSite -->
  <testcase classname="openGame.OpenPokerGameTest" name="goToSite" time="0.0">
    <ignored/>
  </testcase> <!-- goToSite -->
  <testcase classname="openGame.OpenFishGameTest" name="announcement" time="0.0">
    <ignored/>
  </testcase> <!-- announcement -->
  <testcase classname="openGame.OpenSlotsGameTest" name="selectGameSlots" time="0.0">
    <ignored/>
  </testcase> <!-- selectGameSlots -->
  <testcase classname="openGame.OpenSlotsGameTest" name="announcement" time="0.0">
    <ignored/>
  </testcase> <!-- announcement -->
  <testcase classname="openGame.OpenFishGameTest" name="fishGame" time="0.0">
    <ignored/>
  </testcase> <!-- fishGame -->
  <testcase classname="openGame.OpenLiveCasinoGameTest" name="announcement" time="0.0">
    <ignored/>
  </testcase> <!-- announcement -->
  <testcase classname="openGame.OpenPokerGameTest" name="announcement" time="0.0">
    <ignored/>
  </testcase> <!-- announcement -->
  <testcase classname="openGame.OpenSportsGameTest" name="switchToSportsGameWindow" time="0.0">
    <ignored/>
  </testcase> <!-- switchToSportsGameWindow -->
  <testcase classname="openGame.OpenPokerGameTest" name="login" time="0.0">
    <ignored/>
  </testcase> <!-- login -->
  <testcase classname="openGame.OpenFishGameTest" name="login" time="0.0">
    <ignored/>
  </testcase> <!-- login -->
  <testcase classname="openGame.OpenLiveCasinoGameTest" name="login" time="0.0">
    <ignored/>
  </testcase> <!-- login -->
  <testcase classname="openGame.OpenFishGameTest" name="selectGameFish" time="0.0">
    <ignored/>
  </testcase> <!-- selectGameFish -->
  <testcase classname="openGame.OpenPokerGameTest" name="pokerGame" time="0.0">
    <ignored/>
  </testcase> <!-- pokerGame -->
  <testcase classname="openGame.OpenSportsGameTest" name="goToSite" time="0.0">
    <ignored/>
  </testcase> <!-- goToSite -->
  <testcase classname="openGame.OpenLiveCasinoGameTest" name="liveCasinoGame" time="0.0">
    <ignored/>
  </testcase> <!-- liveCasinoGame -->
  <testcase classname="openGame.OpenPokerGameTest" name="switchToPokerGameWindow" time="0.0">
    <ignored/>
  </testcase> <!-- switchToPokerGameWindow -->
  <testcase classname="openGame.OpenSportsGameTest" name="sportsGame" time="0.0">
    <ignored/>
  </testcase> <!-- sportsGame -->
  <testcase classname="openGame.OpenSlotsGameTest" name="login" time="0.0">
    <ignored/>
  </testcase> <!-- login -->
</testsuite> <!-- OpenGame -->
