<?xml version="1.0" encoding="UTF-8"?>
<!-- Generated by org.testng.reporters.JUnitXMLReporter -->
<testsuite ignored="0" hostname="CDWILT004" failures="0" tests="4" name="OpenGame" time="18.908" errors="0" timestamp="2022-09-05T18:02:16 SGT">
  <testcase classname="openGame.OpenGameTest" name="goToSite" time="1.939"/>
  <testcase classname="openGame.OpenGameTest" name="announcement" time="4.844"/>
  <testcase classname="openGame.OpenGameTest" name="login" time="4.467"/>
  <testcase classname="openGame.OpenGameTest" name="slotsGame" time="3.806"/>
</testsuite> <!-- OpenGame -->
