<?xml version="1.0" encoding="UTF-8"?>
<testng-results ignored="0" total="4" passed="4" failed="0" skipped="0">
  <reporter-output>
  </reporter-output>
  <suite started-at="2022-09-12T17:41:48 SGT" name="Suite-OpenPokerGame" finished-at="2022-09-12T17:42:30 SGT" duration-ms="42414">
    <groups>
      <group name="Poker">
        <method signature="OpenPokerGame1.announcement()[pri:1, instance:openPokerGame.OpenPokerGame1@6eda5c9]" name="announcement" class="openPokerGame.OpenPokerGame1"/>
        <method signature="OpenPokerGame1.goToSite(java.lang.String)[pri:0, instance:openPokerGame.OpenPokerGame1@6eda5c9]" name="goToSite" class="openPokerGame.OpenPokerGame1"/>
        <method signature="OpenPokerGame1.login(java.lang.String)[pri:2, instance:openPokerGame.OpenPokerGame1@6eda5c9]" name="login" class="openPokerGame.OpenPokerGame1"/>
        <method signature="OpenPokerGame1.selectSlotsVendor(java.lang.String)[pri:3, instance:openPokerGame.OpenPokerGame1@6eda5c9]" name="selectSlotsVendor" class="openPokerGame.OpenPokerGame1"/>
      </group> <!-- Poker -->
      <group name="login">
        <method signature="OpenPokerGame1.login(java.lang.String)[pri:2, instance:openPokerGame.OpenPokerGame1@6eda5c9]" name="login" class="openPokerGame.OpenPokerGame1"/>
      </group> <!-- login -->
    </groups>
    <test started-at="2022-09-12T17:41:48 SGT" name="OpenPokerGame" finished-at="2022-09-12T17:42:30 SGT" duration-ms="42414">
      <class name="openPokerGame.OpenPokerGame1">
        <test-method is-config="true" signature="startReportAndSetProperty(java.lang.String,java.lang.String,java.lang.String,java.lang.String)[pri:0, instance:openPokerGame.OpenPokerGame1@6eda5c9]" started-at="2022-09-12T17:41:48 SGT" name="startReportAndSetProperty" finished-at="2022-09-12T17:41:49 SGT" duration-ms="1503" status="PASS">
          <params>
            <param index="0">
              <value>
                <![CDATA[Windows WEB]]>
              </value>
            </param>
            <param index="1">
              <value>
                <![CDATA[Chrome]]>
              </value>
            </param>
            <param index="2">
              <value>
                <![CDATA[JDK/JRE 17]]>
              </value>
            </param>
            <param index="3">
              <value>
                <![CDATA[Jordan]]>
              </value>
            </param>
          </params>
          <reporter-output>
          </reporter-output>
        </test-method> <!-- startReportAndSetProperty -->
        <test-method signature="goToSite(java.lang.String)[pri:0, instance:openPokerGame.OpenPokerGame1@6eda5c9]" started-at="2022-09-12T17:41:49 SGT" name="goToSite" finished-at="2022-09-12T17:41:53 SGT" duration-ms="3394" status="PASS">
          <params>
            <param index="0">
              <value>
                <![CDATA[https://new19membersite.the777888.com]]>
              </value>
            </param>
          </params>
          <reporter-output>
          </reporter-output>
        </test-method> <!-- goToSite -->
        <test-method is-config="true" signature="logCaseStatus(org.testng.ITestResult)[pri:0, instance:openPokerGame.OpenPokerGame1@6eda5c9]" started-at="2022-09-12T17:41:53 SGT" name="logCaseStatus" finished-at="2022-09-12T17:41:53 SGT" duration-ms="5" status="PASS">
          <params>
            <param index="0">
              <value>
                <![CDATA[[TestResult name=goToSite status=SUCCESS method=OpenPokerGame1.goToSite(java.lang.String)[pri:0, instance:openPokerGame.OpenPokerGame1@6eda5c9] output={null}]]]>
              </value>
            </param>
          </params>
          <reporter-output>
          </reporter-output>
        </test-method> <!-- logCaseStatus -->
        <test-method signature="announcement()[pri:1, instance:openPokerGame.OpenPokerGame1@6eda5c9]" started-at="2022-09-12T17:41:53 SGT" name="announcement" finished-at="2022-09-12T17:41:53 SGT" duration-ms="51" status="PASS">
          <reporter-output>
          </reporter-output>
        </test-method> <!-- announcement -->
        <test-method is-config="true" signature="logCaseStatus(org.testng.ITestResult)[pri:0, instance:openPokerGame.OpenPokerGame1@6eda5c9]" started-at="2022-09-12T17:41:53 SGT" name="logCaseStatus" finished-at="2022-09-12T17:41:53 SGT" duration-ms="0" status="PASS">
          <params>
            <param index="0">
              <value>
                <![CDATA[[TestResult name=announcement status=SUCCESS method=OpenPokerGame1.announcement()[pri:1, instance:openPokerGame.OpenPokerGame1@6eda5c9] output={null}]]]>
              </value>
            </param>
          </params>
          <reporter-output>
          </reporter-output>
        </test-method> <!-- logCaseStatus -->
        <test-method signature="login(java.lang.String)[pri:2, instance:openPokerGame.OpenPokerGame1@6eda5c9]" started-at="2022-09-12T17:41:53 SGT" name="login" finished-at="2022-09-12T17:41:56 SGT" duration-ms="3492" status="PASS">
          <params>
            <param index="0">
              <value>
                <![CDATA[qctestergame001]]>
              </value>
            </param>
          </params>
          <reporter-output>
          </reporter-output>
        </test-method> <!-- login -->
        <test-method is-config="true" signature="logCaseStatus(org.testng.ITestResult)[pri:0, instance:openPokerGame.OpenPokerGame1@6eda5c9]" started-at="2022-09-12T17:41:56 SGT" name="logCaseStatus" finished-at="2022-09-12T17:41:56 SGT" duration-ms="0" status="PASS">
          <params>
            <param index="0">
              <value>
                <![CDATA[[TestResult name=login status=SUCCESS method=OpenPokerGame1.login(java.lang.String)[pri:2, instance:openPokerGame.OpenPokerGame1@6eda5c9] output={null}]]]>
              </value>
            </param>
          </params>
          <reporter-output>
          </reporter-output>
        </test-method> <!-- logCaseStatus -->
        <test-method signature="selectSlotsVendor(java.lang.String)[pri:3, instance:openPokerGame.OpenPokerGame1@6eda5c9]" started-at="2022-09-12T17:41:56 SGT" name="selectSlotsVendor" finished-at="2022-09-12T17:42:29 SGT" duration-ms="32217" status="PASS">
          <params>
            <param index="0">
              <value>
                <![CDATA[86]]>
              </value>
            </param>
          </params>
          <reporter-output>
          </reporter-output>
        </test-method> <!-- selectSlotsVendor -->
        <test-method is-config="true" signature="logCaseStatus(org.testng.ITestResult)[pri:0, instance:openPokerGame.OpenPokerGame1@6eda5c9]" started-at="2022-09-12T17:42:29 SGT" name="logCaseStatus" finished-at="2022-09-12T17:42:29 SGT" duration-ms="1" status="PASS">
          <params>
            <param index="0">
              <value>
                <![CDATA[[TestResult name=selectSlotsVendor status=SUCCESS method=OpenPokerGame1.selectSlotsVendor(java.lang.String)[pri:3, instance:openPokerGame.OpenPokerGame1@6eda5c9] output={null}]]]>
              </value>
            </param>
          </params>
          <reporter-output>
          </reporter-output>
        </test-method> <!-- logCaseStatus -->
        <test-method is-config="true" signature="stopDriver()[pri:0, instance:openPokerGame.OpenPokerGame1@6eda5c9]" started-at="2022-09-12T17:42:29 SGT" name="stopDriver" finished-at="2022-09-12T17:42:30 SGT" duration-ms="1714" status="PASS">
          <reporter-output>
          </reporter-output>
        </test-method> <!-- stopDriver -->
      </class> <!-- openPokerGame.OpenPokerGame1 -->
    </test> <!-- OpenPokerGame -->
  </suite> <!-- Suite-OpenPokerGame -->
  <suite started-at="2022-09-12T17:42:30 SGT" name="Suite-OpenGame" finished-at="2022-09-12T17:42:30 SGT" duration-ms="0">
    <groups>
    </groups>
  </suite> <!-- Suite-OpenGame -->
</testng-results>
