<?xml version="1.0" encoding="UTF-8"?>
<testng-results ignored="0" total="4" passed="4" failed="0" skipped="0">
  <reporter-output>
  </reporter-output>
  <suite started-at="2022-09-14T15:07:20 SGT" name="Suite-IM" finished-at="2022-09-14T15:07:38 SGT" duration-ms="18523">
    <groups>
      <group name="login">
        <method signature="ESportsIM.login(java.lang.String)[pri:2, instance:eSportsGame.ESportsIM@6eda5c9]" name="login" class="eSportsGame.ESportsIM"/>
      </group> <!-- login -->
      <group name="ESportsIM">
        <method signature="ESportsIM.announcement()[pri:1, instance:eSportsGame.ESportsIM@6eda5c9]" name="announcement" class="eSportsGame.ESportsIM"/>
        <method signature="ESportsIM.goToSite(java.lang.String)[pri:0, instance:eSportsGame.ESportsIM@6eda5c9]" name="goToSite" class="eSportsGame.ESportsIM"/>
        <method signature="ESportsIM.login(java.lang.String)[pri:2, instance:eSportsGame.ESportsIM@6eda5c9]" name="login" class="eSportsGame.ESportsIM"/>
        <method signature="ESportsIM.selectESportsVendor(java.lang.String,int)[pri:3, instance:eSportsGame.ESportsIM@6eda5c9]" name="selectESportsVendor" class="eSportsGame.ESportsIM"/>
      </group> <!-- ESportsIM -->
    </groups>
    <test started-at="2022-09-14T15:07:20 SGT" name="IM" finished-at="2022-09-14T15:07:38 SGT" duration-ms="18523">
      <class name="eSportsGame.ESportsIM">
        <test-method is-config="true" signature="startReportAndSetProperty(java.lang.String,java.lang.String,java.lang.String,java.lang.String)[pri:0, instance:eSportsGame.ESportsIM@6eda5c9]" started-at="2022-09-14T15:07:20 SGT" name="startReportAndSetProperty" finished-at="2022-09-14T15:07:21 SGT" duration-ms="1506" status="PASS">
          <params>
            <param index="0">
              <value>
                <![CDATA[Windows WEB]]>
              </value>
            </param>
            <param index="1">
              <value>
                <![CDATA[Chrome]]>
              </value>
            </param>
            <param index="2">
              <value>
                <![CDATA[JDK/JRE 17]]>
              </value>
            </param>
            <param index="3">
              <value>
                <![CDATA[Jordan]]>
              </value>
            </param>
          </params>
          <reporter-output>
          </reporter-output>
        </test-method> <!-- startReportAndSetProperty -->
        <test-method signature="goToSite(java.lang.String)[pri:0, instance:eSportsGame.ESportsIM@6eda5c9]" started-at="2022-09-14T15:07:21 SGT" name="goToSite" finished-at="2022-09-14T15:07:23 SGT" duration-ms="1170" status="PASS">
          <params>
            <param index="0">
              <value>
                <![CDATA[https://new19membersite.the777888.com]]>
              </value>
            </param>
          </params>
          <reporter-output>
          </reporter-output>
        </test-method> <!-- goToSite -->
        <test-method is-config="true" signature="logCaseStatus(org.testng.ITestResult)[pri:0, instance:eSportsGame.ESportsIM@6eda5c9]" started-at="2022-09-14T15:07:23 SGT" name="logCaseStatus" finished-at="2022-09-14T15:07:23 SGT" duration-ms="5" status="PASS">
          <params>
            <param index="0">
              <value>
                <![CDATA[[TestResult name=goToSite status=SUCCESS method=ESportsIM.goToSite(java.lang.String)[pri:0, instance:eSportsGame.ESportsIM@6eda5c9] output={null}]]]>
              </value>
            </param>
          </params>
          <reporter-output>
          </reporter-output>
        </test-method> <!-- logCaseStatus -->
        <test-method signature="announcement()[pri:1, instance:eSportsGame.ESportsIM@6eda5c9]" started-at="2022-09-14T15:07:23 SGT" name="announcement" finished-at="2022-09-14T15:07:24 SGT" duration-ms="1251" status="PASS">
          <reporter-output>
          </reporter-output>
        </test-method> <!-- announcement -->
        <test-method is-config="true" signature="logCaseStatus(org.testng.ITestResult)[pri:0, instance:eSportsGame.ESportsIM@6eda5c9]" started-at="2022-09-14T15:07:24 SGT" name="logCaseStatus" finished-at="2022-09-14T15:07:24 SGT" duration-ms="1" status="PASS">
          <params>
            <param index="0">
              <value>
                <![CDATA[[TestResult name=announcement status=SUCCESS method=ESportsIM.announcement()[pri:1, instance:eSportsGame.ESportsIM@6eda5c9] output={null}]]]>
              </value>
            </param>
          </params>
          <reporter-output>
          </reporter-output>
        </test-method> <!-- logCaseStatus -->
        <test-method signature="login(java.lang.String)[pri:2, instance:eSportsGame.ESportsIM@6eda5c9]" started-at="2022-09-14T15:07:24 SGT" name="login" finished-at="2022-09-14T15:07:27 SGT" duration-ms="3068" status="PASS">
          <params>
            <param index="0">
              <value>
                <![CDATA[qctestergame001]]>
              </value>
            </param>
          </params>
          <reporter-output>
          </reporter-output>
        </test-method> <!-- login -->
        <test-method is-config="true" signature="logCaseStatus(org.testng.ITestResult)[pri:0, instance:eSportsGame.ESportsIM@6eda5c9]" started-at="2022-09-14T15:07:27 SGT" name="logCaseStatus" finished-at="2022-09-14T15:07:27 SGT" duration-ms="2" status="PASS">
          <params>
            <param index="0">
              <value>
                <![CDATA[[TestResult name=login status=SUCCESS method=ESportsIM.login(java.lang.String)[pri:2, instance:eSportsGame.ESportsIM@6eda5c9] output={null}]]]>
              </value>
            </param>
          </params>
          <reporter-output>
          </reporter-output>
        </test-method> <!-- logCaseStatus -->
        <test-method signature="selectESportsVendor(java.lang.String,int)[pri:3, instance:eSportsGame.ESportsIM@6eda5c9]" started-at="2022-09-14T15:07:27 SGT" name="selectESportsVendor" finished-at="2022-09-14T15:07:37 SGT" duration-ms="9820" status="PASS">
          <params>
            <param index="0">
              <value>
                <![CDATA[电竞牛]]>
              </value>
            </param>
            <param index="1">
              <value>
                <![CDATA[5000]]>
              </value>
            </param>
          </params>
          <reporter-output>
          </reporter-output>
        </test-method> <!-- selectESportsVendor -->
        <test-method is-config="true" signature="logCaseStatus(org.testng.ITestResult)[pri:0, instance:eSportsGame.ESportsIM@6eda5c9]" started-at="2022-09-14T15:07:37 SGT" name="logCaseStatus" finished-at="2022-09-14T15:07:37 SGT" duration-ms="4" status="PASS">
          <params>
            <param index="0">
              <value>
                <![CDATA[[TestResult name=selectESportsVendor status=SUCCESS method=ESportsIM.selectESportsVendor(java.lang.String,int)[pri:3, instance:eSportsGame.ESportsIM@6eda5c9] output={null}]]]>
              </value>
            </param>
          </params>
          <reporter-output>
          </reporter-output>
        </test-method> <!-- logCaseStatus -->
        <test-method is-config="true" signature="stopDriver()[pri:0, instance:eSportsGame.ESportsIM@6eda5c9]" started-at="2022-09-14T15:07:37 SGT" name="stopDriver" finished-at="2022-09-14T15:07:38 SGT" duration-ms="1651" status="PASS">
          <reporter-output>
          </reporter-output>
        </test-method> <!-- stopDriver -->
      </class> <!-- eSportsGame.ESportsIM -->
    </test> <!-- IM -->
  </suite> <!-- Suite-IM -->
  <suite started-at="2022-09-14T15:07:38 SGT" name="Suite-OpenGame" finished-at="2022-09-14T15:07:38 SGT" duration-ms="0">
    <groups>
    </groups>
  </suite> <!-- Suite-OpenGame -->
</testng-results>
