<?xml version="1.0" encoding="UTF-8"?>
<testng-results ignored="26" total="31" passed="5" failed="0" skipped="0">
  <reporter-output>
  </reporter-output>
  <suite started-at="2022-09-09T12:28:01 SGT" name="Suite-OpenGame" finished-at="2022-09-09T12:28:29 SGT" duration-ms="28310">
    <groups>
      <group name="eSports">
        <method signature="OpenESportsGameTest.announcement()[pri:1, instance:openGame.OpenESportsGameTest@47af7f3d]" name="announcement" class="openGame.OpenESportsGameTest"/>
        <method signature="OpenESportsGameTest.eSportsGame(java.lang.String,java.lang.String,java.lang.String,java.lang.String)[pri:3, instance:openGame.OpenESportsGameTest@47af7f3d]" name="eSportsGame" class="openGame.OpenESportsGameTest"/>
        <method signature="OpenESportsGameTest.goToSite(java.lang.String)[pri:0, instance:openGame.OpenESportsGameTest@47af7f3d]" name="goToSite" class="openGame.OpenESportsGameTest"/>
        <method signature="OpenESportsGameTest.login(java.lang.String)[pri:2, instance:openGame.OpenESportsGameTest@47af7f3d]" name="login" class="openGame.OpenESportsGameTest"/>
        <method signature="OpenESportsGameTest.switchToGameESportsWindow()[pri:4, instance:openGame.OpenESportsGameTest@47af7f3d]" name="switchToGameESportsWindow" class="openGame.OpenESportsGameTest"/>
      </group> <!-- eSports -->
      <group name="eSportsGame">
        <method signature="OpenESportsGameTest.eSportsGame(java.lang.String,java.lang.String,java.lang.String,java.lang.String)[pri:3, instance:openGame.OpenESportsGameTest@47af7f3d]" name="eSportsGame" class="openGame.OpenESportsGameTest"/>
      </group> <!-- eSportsGame -->
      <group name="switchToGameESportsWindow">
        <method signature="OpenESportsGameTest.switchToGameESportsWindow()[pri:4, instance:openGame.OpenESportsGameTest@47af7f3d]" name="switchToGameESportsWindow" class="openGame.OpenESportsGameTest"/>
      </group> <!-- switchToGameESportsWindow -->
      <group name="login">
        <method signature="OpenESportsGameTest.login(java.lang.String)[pri:2, instance:openGame.OpenESportsGameTest@47af7f3d]" name="login" class="openGame.OpenESportsGameTest"/>
      </group> <!-- login -->
      <group name="goToSite">
        <method signature="OpenESportsGameTest.goToSite(java.lang.String)[pri:0, instance:openGame.OpenESportsGameTest@47af7f3d]" name="goToSite" class="openGame.OpenESportsGameTest"/>
      </group> <!-- goToSite -->
      <group name="announcement">
        <method signature="OpenESportsGameTest.announcement()[pri:1, instance:openGame.OpenESportsGameTest@47af7f3d]" name="announcement" class="openGame.OpenESportsGameTest"/>
      </group> <!-- announcement -->
    </groups>
    <test started-at="2022-09-09T12:28:01 SGT" name="OpenGame" finished-at="2022-09-09T12:28:29 SGT" duration-ms="28310">
      <class name="openGame.OpenESportsGameTest">
        <test-method is-config="true" signature="startReportAndSetProperty(java.lang.String,java.lang.String,java.lang.String,java.lang.String)[pri:0, instance:openGame.OpenESportsGameTest@47af7f3d]" started-at="2022-09-09T12:28:01 SGT" name="startReportAndSetProperty" finished-at="2022-09-09T12:28:02 SGT" duration-ms="1099" status="PASS">
          <params>
            <param index="0">
              <value>
                <![CDATA[Windows WEB]]>
              </value>
            </param>
            <param index="1">
              <value>
                <![CDATA[Chrome]]>
              </value>
            </param>
            <param index="2">
              <value>
                <![CDATA[JDK/JRE 17]]>
              </value>
            </param>
            <param index="3">
              <value>
                <![CDATA[Jordan]]>
              </value>
            </param>
          </params>
          <reporter-output>
          </reporter-output>
        </test-method> <!-- startReportAndSetProperty -->
        <test-method signature="goToSite(java.lang.String)[pri:0, instance:openGame.OpenESportsGameTest@47af7f3d]" started-at="2022-09-09T12:28:02 SGT" name="goToSite" finished-at="2022-09-09T12:28:06 SGT" duration-ms="3765" status="PASS">
          <params>
            <param index="0">
              <value>
                <![CDATA[https://pr3l1v3.com]]>
              </value>
            </param>
          </params>
          <reporter-output>
          </reporter-output>
        </test-method> <!-- goToSite -->
        <test-method is-config="true" signature="logCaseStatus(org.testng.ITestResult)[pri:0, instance:openGame.OpenESportsGameTest@47af7f3d]" started-at="2022-09-09T12:28:06 SGT" name="logCaseStatus" finished-at="2022-09-09T12:28:07 SGT" duration-ms="1068" status="PASS">
          <params>
            <param index="0">
              <value>
                <![CDATA[[TestResult name=goToSite status=SUCCESS method=OpenESportsGameTest.goToSite(java.lang.String)[pri:0, instance:openGame.OpenESportsGameTest@47af7f3d] output={null}]]]>
              </value>
            </param>
          </params>
          <reporter-output>
          </reporter-output>
        </test-method> <!-- logCaseStatus -->
        <test-method signature="announcement()[pri:1, instance:openGame.OpenESportsGameTest@47af7f3d]" started-at="2022-09-09T12:28:07 SGT" name="announcement" finished-at="2022-09-09T12:28:07 SGT" duration-ms="26" status="PASS">
          <reporter-output>
          </reporter-output>
        </test-method> <!-- announcement -->
        <test-method is-config="true" signature="logCaseStatus(org.testng.ITestResult)[pri:0, instance:openGame.OpenESportsGameTest@47af7f3d]" started-at="2022-09-09T12:28:07 SGT" name="logCaseStatus" finished-at="2022-09-09T12:28:08 SGT" duration-ms="1018" status="PASS">
          <params>
            <param index="0">
              <value>
                <![CDATA[[TestResult name=announcement status=SUCCESS method=OpenESportsGameTest.announcement()[pri:1, instance:openGame.OpenESportsGameTest@47af7f3d] output={null}]]]>
              </value>
            </param>
          </params>
          <reporter-output>
          </reporter-output>
        </test-method> <!-- logCaseStatus -->
        <test-method signature="login(java.lang.String)[pri:2, instance:openGame.OpenESportsGameTest@47af7f3d]" started-at="2022-09-09T12:28:08 SGT" name="login" finished-at="2022-09-09T12:28:13 SGT" duration-ms="5267" status="PASS">
          <params>
            <param index="0">
              <value>
                <![CDATA[qctestergame001]]>
              </value>
            </param>
          </params>
          <reporter-output>
          </reporter-output>
        </test-method> <!-- login -->
        <test-method is-config="true" signature="logCaseStatus(org.testng.ITestResult)[pri:0, instance:openGame.OpenESportsGameTest@47af7f3d]" started-at="2022-09-09T12:28:13 SGT" name="logCaseStatus" finished-at="2022-09-09T12:28:14 SGT" duration-ms="1035" status="PASS">
          <params>
            <param index="0">
              <value>
                <![CDATA[[TestResult name=login status=SUCCESS method=OpenESportsGameTest.login(java.lang.String)[pri:2, instance:openGame.OpenESportsGameTest@47af7f3d] output={null}]]]>
              </value>
            </param>
          </params>
          <reporter-output>
          </reporter-output>
        </test-method> <!-- logCaseStatus -->
        <test-method signature="eSportsGame(java.lang.String,java.lang.String,java.lang.String,java.lang.String)[pri:3, instance:openGame.OpenESportsGameTest@47af7f3d]" started-at="2022-09-09T12:28:14 SGT" name="eSportsGame" finished-at="2022-09-09T12:28:16 SGT" duration-ms="1712" status="PASS">
          <params>
            <param index="0">
              <value>
                <![CDATA[IBC]]>
              </value>
            </param>
            <param index="1">
              <value>
                <![CDATA[IM ESPORTS INR]]>
              </value>
            </param>
            <param index="2">
              <value>
                <![CDATA[IBC ESPORTS INR]]>
              </value>
            </param>
            <param index="3">
              <value>
                <![CDATA[IA ESPORTS INR]]>
              </value>
            </param>
          </params>
          <reporter-output>
          </reporter-output>
        </test-method> <!-- eSportsGame -->
        <test-method is-config="true" signature="logCaseStatus(org.testng.ITestResult)[pri:0, instance:openGame.OpenESportsGameTest@47af7f3d]" started-at="2022-09-09T12:28:16 SGT" name="logCaseStatus" finished-at="2022-09-09T12:28:17 SGT" duration-ms="780" status="PASS">
          <params>
            <param index="0">
              <value>
                <![CDATA[[TestResult name=eSportsGame status=SUCCESS method=OpenESportsGameTest.eSportsGame(java.lang.String,java.lang.String,java.lang.String,java.lang.String)[pri:3, instance:openGame.OpenESportsGameTest@47af7f3d] output={null}]]]>
              </value>
            </param>
          </params>
          <reporter-output>
          </reporter-output>
        </test-method> <!-- logCaseStatus -->
        <test-method signature="switchToGameESportsWindow()[pri:4, instance:openGame.OpenESportsGameTest@47af7f3d]" started-at="2022-09-09T12:28:17 SGT" name="switchToGameESportsWindow" finished-at="2022-09-09T12:28:29 SGT" duration-ms="11589" status="PASS">
          <reporter-output>
          </reporter-output>
        </test-method> <!-- switchToGameESportsWindow -->
        <test-method is-config="true" signature="logCaseStatus(org.testng.ITestResult)[pri:0, instance:openGame.OpenESportsGameTest@47af7f3d]" started-at="2022-09-09T12:28:29 SGT" name="logCaseStatus" finished-at="2022-09-09T12:28:29 SGT" duration-ms="226" status="PASS">
          <params>
            <param index="0">
              <value>
                <![CDATA[[TestResult name=switchToGameESportsWindow status=SUCCESS method=OpenESportsGameTest.switchToGameESportsWindow()[pri:4, instance:openGame.OpenESportsGameTest@47af7f3d] output={null}]]]>
              </value>
            </param>
          </params>
          <reporter-output>
          </reporter-output>
        </test-method> <!-- logCaseStatus -->
        <test-method is-config="true" signature="stopDriver()[pri:0, instance:openGame.OpenESportsGameTest@47af7f3d]" started-at="2022-09-09T12:28:29 SGT" name="stopDriver" finished-at="2022-09-09T12:28:29 SGT" duration-ms="702" status="PASS">
          <reporter-output>
          </reporter-output>
        </test-method> <!-- stopDriver -->
      </class> <!-- openGame.OpenESportsGameTest -->
    </test> <!-- OpenGame -->
  </suite> <!-- Suite-OpenGame -->
</testng-results>
