<?xml version="1.0" encoding="UTF-8"?>
<!-- Generated by org.testng.reporters.JUnitXMLReporter -->
<testsuite ignored="0" hostname="CDWILT004" failures="0" tests="4" name="OpenGameIBC" time="11.684" errors="0" timestamp="2022-09-12T16:47:09 SGT">
  <testcase classname="openSportsGame.OpenSportsGameIBC" name="goToSite" time="0.977"/>
  <testcase classname="openSportsGame.OpenSportsGameIBC" name="announcement" time="0.051"/>
  <testcase classname="openSportsGame.OpenSportsGameIBC" name="login" time="3.837"/>
  <testcase classname="openSportsGame.OpenSportsGameIBC" name="selectSportsVendor" time="3.252"/>
</testsuite> <!-- OpenGameIBC -->
