<?xml version="1.0" encoding="UTF-8"?>
<!-- Generated by org.testng.reporters.JUnitXMLReporter -->
<testsuite ignored="0" hostname="DESKTOP-7UGQK8A" failures="0" tests="5" name="MG" time="34.468" errors="0" timestamp="2022-09-12T23:08:15 SGT">
  <testcase classname="slotsGame.SlotsMG" name="goToSite" time="1.393"/>
  <testcase classname="slotsGame.SlotsMG" name="announcement" time="0.028"/>
  <testcase classname="slotsGame.SlotsMG" name="login" time="2.16"/>
  <testcase classname="slotsGame.SlotsMG" name="selectSlotsVendor" time="2.246"/>
  <testcase classname="slotsGame.SlotsMG" name="selectSlotsGame" time="26.713"/>
</testsuite> <!-- MG -->
