<?xml version="1.0" encoding="UTF-8"?>
<!-- Generated by org.testng.reporters.JUnitXMLReporter -->
<testsuite ignored="0" hostname="CDWILT004" failures="0" tests="4" name="SBO" time="17.405" errors="0" timestamp="2022-09-14T14:53:44 SGT">
  <testcase classname="sportsGame.SportsSBO" name="goToSite" time="1.685"/>
  <testcase classname="sportsGame.SportsSBO" name="announcement" time="1.346"/>
  <testcase classname="sportsGame.SportsSBO" name="login" time="3.286"/>
  <testcase classname="sportsGame.SportsSBO" name="selectSportsVendor" time="8.522"/>
</testsuite> <!-- SBO -->
