<?xml version="1.0" encoding="UTF-8"?>
<!-- Generated by org.testng.reporters.JUnitXMLReporter -->
<testsuite ignored="0" hostname="CDWILT004" failures="0" tests="4" name="IM" time="18.523" errors="0" timestamp="2022-09-14T15:07:38 SGT">
  <testcase classname="eSportsGame.ESportsIM" name="goToSite" time="1.17"/>
  <testcase classname="eSportsGame.ESportsIM" name="announcement" time="1.251"/>
  <testcase classname="eSportsGame.ESportsIM" name="login" time="3.068"/>
  <testcase classname="eSportsGame.ESportsIM" name="selectESportsVendor" time="9.82"/>
</testsuite> <!-- IM -->
