<?xml version="1.0" encoding="UTF-8"?>
<!-- Generated by org.testng.reporters.JUnitXMLReporter -->
<testsuite ignored="1" hostname="CDWILT004" failures="0" tests="3" name="OpenGameKY" time="3.763" errors="0" timestamp="2022-09-12T16:02:09 SGT">
  <testcase classname="openPokerGame.OpenPokerGameKY" name="goToSite" time="1.465"/>
  <testcase classname="openPokerGame.OpenPokerGameKY" name="announcement" time="0.035"/>
  <testcase classname="openPokerGame.OpenPokerGameKY" name="selectSlotsVendor" time="0.513"/>
  <testcase classname="openPokerGame.OpenPokerGameKY" name="login" time="0.0">
    <ignored/>
  </testcase> <!-- login -->
</testsuite> <!-- OpenGameKY -->
