<?xml version="1.0" encoding="UTF-8"?>
<!-- Generated by org.testng.reporters.JUnitXMLReporter -->
<testsuite ignored="0" hostname="CDWILT004" failures="0" tests="4" name="OpenLiveGame" time="29.602" errors="0" timestamp="2022-09-12T17:25:40 SGT">
  <testcase classname="openLiveGame.OpenLiveGame1" name="goToSite" time="7.795"/>
  <testcase classname="openLiveGame.OpenLiveGame1" name="announcement" time="0.043"/>
  <testcase classname="openLiveGame.OpenLiveGame1" name="login" time="4.784"/>
  <testcase classname="openLiveGame.OpenLiveGame1" name="selectLiveVendor" time="14.307"/>
</testsuite> <!-- OpenLiveGame -->
