<?xml version="1.0" encoding="UTF-8"?>
<!-- Generated by org.testng.reporters.JUnitXMLReporter -->
<testsuite ignored="1" hostname="CDWILT004" failures="0" tests="3" name="OpenGameSGWIN" time="3.138" errors="0" timestamp="2022-09-12T16:02:12 SGT">
  <testcase classname="openLotteryGame.OpenLotteryGameSGWIN" name="goToSite" time="0.888"/>
  <testcase classname="openLotteryGame.OpenLotteryGameSGWIN" name="announcement" time="0.04"/>
  <testcase classname="openLotteryGame.OpenLotteryGameSGWIN" name="selectSlotsVendor" time="0.498"/>
  <testcase classname="openLotteryGame.OpenLotteryGameSGWIN" name="login" time="0.0">
    <ignored/>
  </testcase> <!-- login -->
</testsuite> <!-- OpenGameSGWIN -->
